WiredTiger 10.0.0: (April 12, 2021)
[1696574683:17229][90045:0x7ff8477e7700], wiredtiger_open: [WT_VERB_VERSION] WiredTiger 10.0.0: (April 12, 2021)
[1696574683:19291][90045:0x7ff8477e7700], connection: [WT_VERB_FILEOPS] WiredTiger.turtle: file-exist
[1696574683:19377][90045:0x7ff8477e7700], connection: [WT_VERB_FILEOPS] WiredTiger.turtle: file-exist
[1696574683:19399][90045:0x7ff8477e7700], connection: [WT_VERB_FILEOPS] WiredTiger.turtle: file-open: type regular
[1696574683:19480][90045:0x7ff8477e7700], connection: [WT_VERB_FILEOPS] WiredTiger.turtle: file-close
[1696574683:19529][90045:0x7ff8477e7700], connection: [WT_VERB_FILEOPS] data/db/WiredTiger.turtle, file-close: fd=4
[1696574683:19561][90045:0x7ff8477e7700], connection: [WT_VERB_FILEOPS] journal: directory-list: prefix WiredTigerLog
[1696574683:19645][90045:0x7ff8477e7700], connection: [WT_VERB_FILEOPS] journal/WiredTigerLog.0000000011: file-open: type log
[1696574683:19703][90045:0x7ff8477e7700], connection: [WT_VERB_FILEOPS] journal/WiredTigerLog.0000000011: file-close
[1696574683:19717][90045:0x7ff8477e7700], connection: [WT_VERB_FILEOPS] data/db/journal/WiredTigerLog.0000000011, file-close: fd=4
[1696574683:19745][90045:0x7ff8477e7700], connection: [WT_VERB_FILEOPS] WiredTiger.basecfg.set: file-exist
[1696574683:19797][90045:0x7ff8477e7700], connection: [WT_VERB_FILEOPS] WiredTiger.turtle.set: file-exist
[1696574683:19853][90045:0x7ff8477e7700], connection: [WT_VERB_FILEOPS] WiredTiger.ibackup: file-exist
[1696574683:19886][90045:0x7ff8477e7700], connection: [WT_VERB_FILEOPS] WiredTiger.isrc: file-exist
[1696574683:19947][90045:0x7ff8477e7700], connection: [WT_VERB_FILEOPS] WiredTiger.backup: file-exist
[1696574683:20053][90045:0x7ff8477e7700], connection: [WT_VERB_FILEOPS] WiredTiger.turtle: file-exist
[1696574683:20103][90045:0x7ff8477e7700], connection: [WT_VERB_FILEOPS] WiredTiger.turtle: file-exist
[1696574683:20162][90045:0x7ff8477e7700], connection: [WT_VERB_FILEOPS] WiredTiger.turtle: file-open: type regular
[1696574683:20262][90045:0x7ff8477e7700], connection: [WT_VERB_FILEOPS] WiredTiger.turtle: file-close
[1696574683:20281][90045:0x7ff8477e7700], connection: [WT_VERB_FILEOPS] data/db/WiredTiger.turtle, file-close: fd=4
[1696574683:20321][90045:0x7ff8477e7700], connection: [WT_VERB_FILEOPS] WiredTiger.backup.tmp: file-exist
[1696574683:20371][90045:0x7ff8477e7700], connection: [WT_VERB_FILEOPS] WiredTiger.ibackup: file-exist
[1696574683:20404][90045:0x7ff8477e7700], connection: [WT_VERB_FILEOPS] WiredTiger.isrc: file-exist
[1696574683:20427][90045:0x7ff8477e7700], connection: [WT_VERB_FILEOPS] WiredTiger.backup: file-exist
[1696574683:20475][90045:0x7ff8477e7700], connection: [WT_VERB_FILEOPS] WiredTiger.turtle: file-exist
[1696574683:20505][90045:0x7ff8477e7700], connection: [WT_VERB_FILEOPS] WiredTiger.turtle: file-open: type regular
[1696574683:20605][90045:0x7ff8477e7700], connection: [WT_VERB_FILEOPS] WiredTiger.turtle: file-close
[1696574683:20628][90045:0x7ff8477e7700], connection: [WT_VERB_FILEOPS] data/db/WiredTiger.turtle, file-close: fd=4
[1696574683:20861][90045:0x7ff8477e7700], file:WiredTiger.wt, connection: [WT_VERB_FILEOPS] WiredTiger.turtle: file-exist
[1696574683:20900][90045:0x7ff8477e7700], file:WiredTiger.wt, connection: [WT_VERB_FILEOPS] WiredTiger.turtle: file-open: type regular
[1696574683:20972][90045:0x7ff8477e7700], file:WiredTiger.wt, connection: [WT_VERB_FILEOPS] WiredTiger.turtle: file-close
[1696574683:20988][90045:0x7ff8477e7700], file:WiredTiger.wt, connection: [WT_VERB_FILEOPS] data/db/WiredTiger.turtle, file-close: fd=4
[1696574683:21545][90045:0x7ff8477e7700], file:WiredTiger.wt, connection: [WT_VERB_FILEOPS] WiredTiger.turtle: file-exist
[1696574683:21593][90045:0x7ff8477e7700], file:WiredTiger.wt, connection: [WT_VERB_FILEOPS] WiredTiger.turtle: file-open: type regular
[1696574683:21656][90045:0x7ff8477e7700], file:WiredTiger.wt, connection: [WT_VERB_FILEOPS] WiredTiger.turtle: file-close
[1696574683:21670][90045:0x7ff8477e7700], file:WiredTiger.wt, connection: [WT_VERB_FILEOPS] data/db/WiredTiger.turtle, file-close: fd=4
[1696574683:21766][90045:0x7ff8477e7700], file:WiredTiger.wt, connection: [WT_VERB_VERSION] 1.1
[1696574683:22000][90045:0x7ff8477e7700], file:WiredTiger.wt, connection: [WT_VERB_FILEOPS] WiredTiger.wt: file-open: type data
[1696574683:22113][90045:0x7ff8477e7700], file:WiredTiger.wt, connection: [WT_VERB_FILEOPS] data/db/WiredTiger.wt, file-truncate: size=77824, mapped size=0
[1696574683:22271][90045:0x7ff8477e7700], connection: [WT_VERB_FILEOPS] WiredTiger.turtle: file-exist
[1696574683:22293][90045:0x7ff8477e7700], connection: [WT_VERB_FILEOPS] WiredTiger.turtle: file-open: type regular
[1696574683:22356][90045:0x7ff8477e7700], connection: [WT_VERB_FILEOPS] WiredTiger.turtle: file-close
[1696574683:22367][90045:0x7ff8477e7700], connection: [WT_VERB_FILEOPS] data/db/WiredTiger.turtle, file-close: fd=5
[1696574683:22517][90045:0x7ff8477e7700], connection: [WT_VERB_FILEOPS] journal: directory-list: prefix WiredTigerTmplog
[1696574683:22628][90045:0x7ff8477e7700], connection: [WT_VERB_FILEOPS] journal: directory-list: prefix WiredTigerPreplog
[1696574683:22692][90045:0x7ff8477e7700], connection: [WT_VERB_FILEOPS] journal/WiredTigerPreplog.0000000002: file-remove
[1696574683:23010][90045:0x7ff8477e7700], connection: [WT_VERB_FILEOPS] journal/WiredTigerPreplog.0000000001: file-remove
[1696574683:23224][90045:0x7ff8477e7700], connection: [WT_VERB_FILEOPS] journal: file-open: type directory
[1696574683:23288][90045:0x7ff8477e7700], connection: [WT_VERB_FILEOPS] journal: directory-list: prefix WiredTigerTmplog
[1696574683:23354][90045:0x7ff8477e7700], connection: [WT_VERB_FILEOPS] journal: directory-list: prefix WiredTigerPreplog
[1696574683:23404][90045:0x7ff8477e7700], connection: [WT_VERB_FILEOPS] journal: directory-list: prefix WiredTigerLog
[1696574683:23454][90045:0x7ff8477e7700], connection: [WT_VERB_FILEOPS] journal/WiredTigerLog.0000000011: file-open: type log
[1696574683:23507][90045:0x7ff8477e7700], connection: [WT_VERB_FILEOPS] journal/WiredTigerLog.0000000011: file-close
[1696574683:23519][90045:0x7ff8477e7700], connection: [WT_VERB_FILEOPS] data/db/journal/WiredTigerLog.0000000011, file-close: fd=6
[1696574683:23536][90045:0x7ff8477e7700], connection: [WT_VERB_FILEOPS] journal: directory-list-single: prefix WiredTigerPreplog
[1696574683:23587][90045:0x7ff8477e7700], connection: [WT_VERB_FILEOPS] journal/WiredTigerTmplog.0000000001: file-open: type log (create)
[1696574683:27204][90045:0x7ff8477e7700], connection: [WT_VERB_FILEOPS] data/db/journal/WiredTigerTmplog.0000000001, file-truncate: size=104857600, mapped size=0
[1696574683:47139][90045:0x7ff8477e7700], connection: [WT_VERB_FILEOPS] journal/WiredTigerTmplog.0000000001: file-close
[1696574683:47218][90045:0x7ff8477e7700], connection: [WT_VERB_FILEOPS] data/db/journal/WiredTigerTmplog.0000000001, file-close: fd=6
[1696574683:47388][90045:0x7ff8477e7700], connection: [WT_VERB_FILEOPS] journal/WiredTigerTmplog.0000000001 to journal/WiredTigerLog.0000000012: file-rename
[1696574683:47628][90045:0x7ff8477e7700], connection: [WT_VERB_FILEOPS] journal/WiredTigerLog.0000000012: file-open: type log
[1696574683:68138][90045:0x7ff8477e7700], txn-recover: [WT_VERB_FILEOPS] WiredTiger.turtle: file-exist
[1696574683:68253][90045:0x7ff8477e7700], txn-recover: [WT_VERB_FILEOPS] WiredTiger.turtle: file-open: type regular
[1696574683:68411][90045:0x7ff8477e7700], txn-recover: [WT_VERB_FILEOPS] WiredTiger.turtle: file-close
[1696574683:68439][90045:0x7ff8477e7700], txn-recover: [WT_VERB_FILEOPS] data/db/WiredTiger.turtle, file-close: fd=7
[1696574683:68599][90045:0x7ff8477e7700], txn-recover: [WT_VERB_FILEOPS] journal/WiredTigerLog.0000000011: file-open: type log
[1696574683:115886][90045:0x7ff8477e7700], txn-recover: [WT_VERB_FILEOPS] journal/WiredTigerLog.0000000011: file-close
[1696574683:115961][90045:0x7ff8477e7700], txn-recover: [WT_VERB_FILEOPS] data/db/journal/WiredTigerLog.0000000011, file-close: fd=7
[1696574683:116022][90045:0x7ff8477e7700], txn-recover: [WT_VERB_FILEOPS] journal/WiredTigerLog.0000000012: file-open: type log
[1696574683:174481][90045:0x7ff8477e7700], txn-recover: [WT_VERB_FILEOPS] journal/WiredTigerLog.0000000012: file-close
[1696574683:175103][90045:0x7ff8477e7700], txn-recover: [WT_VERB_FILEOPS] WiredTigerHS.wt: file-exist
[1696574683:175856][90045:0x7ff8477e7700], file:WiredTigerHS.wt, hs_access: [WT_VERB_VERSION] 1.1
[1696574683:176081][90045:0x7ff8477e7700], file:WiredTigerHS.wt, hs_access: [WT_VERB_FILEOPS] WiredTigerHS.wt: file-open: type data
[1696574683:176186][90045:0x7ff8477e7700], file:WiredTigerHS.wt, hs_access: [WT_VERB_FILEOPS] data/db/WiredTigerHS.wt, file-truncate: size=4096, mapped size=0
[1696574683:176305][90045:0x7ff8477e7700], WT_CURSOR.search: [WT_VERB_FILEOPS] journal/WiredTigerLog.0000000011: file-open: type log
[1696574683:176421][90045:0x7ff8477e7700], WT_CURSOR.search: [WT_VERB_FILEOPS] journal/WiredTigerLog.0000000011: file-close
[1696574683:176435][90045:0x7ff8477e7700], WT_CURSOR.search: [WT_VERB_FILEOPS] data/db/journal/WiredTigerLog.0000000011, file-close: fd=8
[1696574683:176460][90045:0x7ff8477e7700], WT_CURSOR.next: [WT_VERB_FILEOPS] journal/WiredTigerLog.0000000011: file-open: type log
[1696574683:176522][90045:0x7ff8477e7700], WT_CURSOR.next: [WT_VERB_FILEOPS] journal/WiredTigerLog.0000000011: file-close
[1696574683:176533][90045:0x7ff8477e7700], WT_CURSOR.next: [WT_VERB_FILEOPS] data/db/journal/WiredTigerLog.0000000011, file-close: fd=8
[1696574683:176710][90045:0x7ff8477e7700], txn-recover: [WT_VERB_FILEOPS] journal/WiredTigerLog.0000000011: file-open: type log
[1696574683:220931][90045:0x7ff8477e7700], txn-recover: [WT_VERB_FILEOPS] journal/WiredTigerLog.0000000011: file-close
[1696574683:220999][90045:0x7ff8477e7700], txn-recover: [WT_VERB_FILEOPS] data/db/journal/WiredTigerLog.0000000011, file-close: fd=8
[1696574683:221053][90045:0x7ff8477e7700], txn-recover: [WT_VERB_FILEOPS] journal/WiredTigerLog.0000000011: file-open: type log
[1696574683:221124][90045:0x7ff8477e7700], txn-recover: [WT_VERB_FILEOPS] data/db/journal/WiredTigerLog.0000000011, file-truncate: size=2816, mapped size=0
[1696574683:247265][90045:0x7ff8477e7700], txn-recover: [WT_VERB_FILEOPS] journal/WiredTigerLog.0000000011: file-close
[1696574683:247362][90045:0x7ff8477e7700], txn-recover: [WT_VERB_FILEOPS] data/db/journal/WiredTigerLog.0000000011, file-close: fd=8
[1696574683:247434][90045:0x7ff8477e7700], txn-recover: [WT_VERB_FILEOPS] journal/WiredTigerLog.0000000012: file-open: type log
[1696574683:291205][90045:0x7ff8477e7700], txn-recover: [WT_VERB_FILEOPS] journal/WiredTigerLog.0000000012: file-close
[1696574683:291312][90045:0x7ff8477e7700], txn-recover: [WT_VERB_FILEOPS] WiredTigerHS.wt: file-size
[1696574683:291985][90045:0x7ff8477e7700], file:_mdb_catalog.wt, txn rollback_to_stable: [WT_VERB_VERSION] 1.1
[1696574683:292280][90045:0x7ff8477e7700], file:_mdb_catalog.wt, txn rollback_to_stable: [WT_VERB_FILEOPS] _mdb_catalog.wt: file-open: type data
[1696574683:292387][90045:0x7ff8477e7700], file:_mdb_catalog.wt, txn rollback_to_stable: [WT_VERB_FILEOPS] data/db/_mdb_catalog.wt, file-truncate: size=36864, mapped size=0
[1696574683:293080][90045:0x7ff8477e7700], file:collection-0-3004697255164568709.wt, txn rollback_to_stable: [WT_VERB_VERSION] 1.1
[1696574683:293431][90045:0x7ff8477e7700], file:collection-0-3004697255164568709.wt, txn rollback_to_stable: [WT_VERB_FILEOPS] collection-0-3004697255164568709.wt: file-open: type data
[1696574683:293564][90045:0x7ff8477e7700], file:collection-0-3004697255164568709.wt, txn rollback_to_stable: [WT_VERB_FILEOPS] data/db/collection-0-3004697255164568709.wt, file-truncate: size=32768, mapped size=0
[1696574683:294129][90045:0x7ff8477e7700], file:collection-2-3004697255164568709.wt, txn rollback_to_stable: [WT_VERB_VERSION] 1.1
[1696574683:294345][90045:0x7ff8477e7700], file:collection-2-3004697255164568709.wt, txn rollback_to_stable: [WT_VERB_FILEOPS] collection-2-3004697255164568709.wt: file-open: type data
[1696574683:294406][90045:0x7ff8477e7700], file:collection-2-3004697255164568709.wt, txn rollback_to_stable: [WT_VERB_FILEOPS] data/db/collection-2-3004697255164568709.wt, file-truncate: size=32768, mapped size=0
[1696574683:294923][90045:0x7ff8477e7700], file:collection-4-3004697255164568709.wt, txn rollback_to_stable: [WT_VERB_VERSION] 1.1
[1696574683:295138][90045:0x7ff8477e7700], file:collection-4-3004697255164568709.wt, txn rollback_to_stable: [WT_VERB_FILEOPS] collection-4-3004697255164568709.wt: file-open: type data
[1696574683:295194][90045:0x7ff8477e7700], file:collection-4-3004697255164568709.wt, txn rollback_to_stable: [WT_VERB_FILEOPS] data/db/collection-4-3004697255164568709.wt, file-truncate: size=32768, mapped size=0
[1696574683:295721][90045:0x7ff8477e7700], file:index-1-3004697255164568709.wt, txn rollback_to_stable: [WT_VERB_VERSION] 1.1
[1696574683:295978][90045:0x7ff8477e7700], file:index-1-3004697255164568709.wt, txn rollback_to_stable: [WT_VERB_FILEOPS] index-1-3004697255164568709.wt: file-open: type data
[1696574683:296060][90045:0x7ff8477e7700], file:index-1-3004697255164568709.wt, txn rollback_to_stable: [WT_VERB_FILEOPS] data/db/index-1-3004697255164568709.wt, file-truncate: size=32768, mapped size=0
[1696574683:296563][90045:0x7ff8477e7700], file:index-3-3004697255164568709.wt, txn rollback_to_stable: [WT_VERB_VERSION] 1.1
[1696574683:296774][90045:0x7ff8477e7700], file:index-3-3004697255164568709.wt, txn rollback_to_stable: [WT_VERB_FILEOPS] index-3-3004697255164568709.wt: file-open: type data
[1696574683:296836][90045:0x7ff8477e7700], file:index-3-3004697255164568709.wt, txn rollback_to_stable: [WT_VERB_FILEOPS] data/db/index-3-3004697255164568709.wt, file-truncate: size=32768, mapped size=0
[1696574683:297443][90045:0x7ff8477e7700], file:index-5-3004697255164568709.wt, txn rollback_to_stable: [WT_VERB_VERSION] 1.1
[1696574683:297897][90045:0x7ff8477e7700], file:index-5-3004697255164568709.wt, txn rollback_to_stable: [WT_VERB_FILEOPS] index-5-3004697255164568709.wt: file-open: type data
[1696574683:298009][90045:0x7ff8477e7700], file:index-5-3004697255164568709.wt, txn rollback_to_stable: [WT_VERB_FILEOPS] data/db/index-5-3004697255164568709.wt, file-truncate: size=32768, mapped size=0
[1696574683:298544][90045:0x7ff8477e7700], file:index-6-3004697255164568709.wt, txn rollback_to_stable: [WT_VERB_VERSION] 1.1
[1696574683:298768][90045:0x7ff8477e7700], file:index-6-3004697255164568709.wt, txn rollback_to_stable: [WT_VERB_FILEOPS] index-6-3004697255164568709.wt: file-open: type data
[1696574683:298830][90045:0x7ff8477e7700], file:index-6-3004697255164568709.wt, txn rollback_to_stable: [WT_VERB_FILEOPS] data/db/index-6-3004697255164568709.wt, file-truncate: size=32768, mapped size=0
[1696574683:299355][90045:0x7ff8477e7700], file:sizeStorer.wt, txn rollback_to_stable: [WT_VERB_VERSION] 1.1
[1696574683:299572][90045:0x7ff8477e7700], file:sizeStorer.wt, txn rollback_to_stable: [WT_VERB_FILEOPS] sizeStorer.wt: file-open: type data
[1696574683:299630][90045:0x7ff8477e7700], file:sizeStorer.wt, txn rollback_to_stable: [WT_VERB_FILEOPS] data/db/sizeStorer.wt, file-truncate: size=32768, mapped size=0
[1696574683:512585][90045:0x7ff8477e7700], file:WiredTiger.wt, WT_SESSION.checkpoint: [WT_VERB_FILEOPS] WiredTiger.turtle: file-exist
[1696574683:512759][90045:0x7ff8477e7700], file:WiredTiger.wt, WT_SESSION.checkpoint: [WT_VERB_FILEOPS] WiredTiger.turtle: file-open: type regular
[1696574683:512975][90045:0x7ff8477e7700], file:WiredTiger.wt, WT_SESSION.checkpoint: [WT_VERB_FILEOPS] WiredTiger.turtle: file-close
[1696574683:513020][90045:0x7ff8477e7700], file:WiredTiger.wt, WT_SESSION.checkpoint: [WT_VERB_FILEOPS] data/db/WiredTiger.turtle, file-close: fd=17
[1696574683:513644][90045:0x7ff8477e7700], file:WiredTiger.wt, WT_SESSION.checkpoint: [WT_VERB_FILEOPS] data/db/WiredTiger.wt, file-truncate: size=69632, mapped size=0
[1696574683:533798][90045:0x7ff8477e7700], file:WiredTiger.wt, WT_SESSION.checkpoint: [WT_VERB_FILEOPS] WiredTiger.turtle.set: file-open: type regular (create, exclusive)
[1696574683:553281][90045:0x7ff8477e7700], file:WiredTiger.wt, WT_SESSION.checkpoint: [WT_VERB_FILEOPS] WiredTiger.turtle.set: file-close
[1696574683:553439][90045:0x7ff8477e7700], file:WiredTiger.wt, WT_SESSION.checkpoint: [WT_VERB_FILEOPS] data/db/WiredTiger.turtle.set, file-close: fd=17
[1696574683:553574][90045:0x7ff8477e7700], file:WiredTiger.wt, WT_SESSION.checkpoint: [WT_VERB_FILEOPS] WiredTiger.turtle.set to WiredTiger.turtle: file-rename
[1696574683:554046][90045:0x7ff8477e7700], file:WiredTiger.wt, WT_SESSION.checkpoint: [WT_VERB_FILEOPS] WiredTiger.turtle.set: file-exist
[1696574683:615133][90045:0x7ff8477e7700], connection: [WT_VERB_FILEOPS] WiredTigerLAS.wt: file-exist
[1696574683:615611][90045:0x700009bad000], log-server: [WT_VERB_FILEOPS] journal: directory-list: prefix WiredTigerPreplog
[1696574683:615810][90045:0x700009bad000], log-server: [WT_VERB_FILEOPS] journal/WiredTigerTmplog.0000000002: file-open: type log (create)
Connection opened
[1696574683:616901][90045:0x7ff8477e7700], WT_SESSION.create: [WT_VERB_FILEOPS] _PyHack_test.wt: file-open: type data (create, exclusive)
[1696574683:635177][90045:0x700009bad000], log-server: [WT_VERB_FILEOPS] data/db/journal/WiredTigerTmplog.0000000002, file-truncate: size=104857600, mapped size=0
[1696574683:654260][90045:0x700009bad000], log-server: [WT_VERB_FILEOPS] journal/WiredTigerTmplog.0000000002: file-close
[1696574683:654710][90045:0x700009bad000], log-server: [WT_VERB_FILEOPS] data/db/journal/WiredTigerTmplog.0000000002, file-close: fd=17
[1696574683:654863][90045:0x700009bad000], log-server: [WT_VERB_FILEOPS] journal/WiredTigerTmplog.0000000002 to journal/WiredTigerPreplog.0000000001: file-rename
[1696574683:673671][90045:0x7ff8477e7700], WT_SESSION.create: [WT_VERB_FILEOPS] _PyHack_test.wt: file-close
[1696574683:673788][90045:0x700009bad000], log-server: [WT_VERB_FILEOPS] journal/WiredTigerTmplog.0000000003: file-open: type log (create)
[1696574683:673798][90045:0x7ff8477e7700], WT_SESSION.create: [WT_VERB_FILEOPS] data/db/_PyHack_test.wt, file-close: fd=18
[1696574683:675656][90045:0x7ff8477e7700], file:_PyHack_test.wt, WT_SESSION.create: [WT_VERB_VERSION] 2.1
[1696574683:694859][90045:0x700009bad000], log-server: [WT_VERB_FILEOPS] data/db/journal/WiredTigerTmplog.0000000003, file-truncate: size=104857600, mapped size=0
[1696574683:695128][90045:0x7ff8477e7700], file:_PyHack_test.wt, WT_SESSION.create: [WT_VERB_FILEOPS] _PyHack_test.wt: file-open: type data
[1696574683:695269][90045:0x7ff8477e7700], file:_PyHack_test.wt, WT_SESSION.create: [WT_VERB_FILEOPS] data/db/_PyHack_test.wt, file-truncate: size=4096, mapped size=0
[1696574683:713427][90045:0x700009bad000], log-server: [WT_VERB_FILEOPS] journal/WiredTigerTmplog.0000000003: file-close
[1696574683:714144][90045:0x700009bad000], log-server: [WT_VERB_FILEOPS] data/db/journal/WiredTigerTmplog.0000000003, file-close: fd=17
[1696574683:714321][90045:0x700009bad000], log-server: [WT_VERB_FILEOPS] journal/WiredTigerTmplog.0000000003 to journal/WiredTigerPreplog.0000000002: file-rename
--Collection test created
[1696574683:733821][90045:0x700009bad000], log-server: [WT_VERB_FILEOPS] journal: directory-list: prefix WiredTigerLog
{'md': {'ns': '_PyHack.test', 'options': {'uuid': Binary(b'8\xa2\xaa+\xec\xe7M\xcf\xaf\x9d|4&Wm3', 4)}}, 'ns': '_PyHack.test', 'ident': '_PyHack_test'}
--Record 5 inserted
--Catalog updated with the new collection
Checkpoint ...
[1696574683:734836][90045:0x7ff8477e7700], WT_SESSION.checkpoint: [WT_VERB_FILEOPS] journal/WiredTigerLog.0000000012: file-open: type log
[1696574683:753246][90045:0x7ff8477e7700], WT_SESSION.checkpoint: [WT_VERB_FILEOPS] journal/WiredTigerLog.0000000012: file-close
[1696574683:754082][90045:0x7ff8477e7700], file:_mdb_catalog.wt, WT_SESSION.checkpoint: [WT_VERB_FILEOPS] data/db/_mdb_catalog.wt, file-truncate: size=28672, mapped size=0
[1696574683:811733][90045:0x7ff8477e7700], file:WiredTiger.wt, WT_SESSION.checkpoint: [WT_VERB_FILEOPS] WiredTiger.turtle: file-exist
[1696574683:811846][90045:0x7ff8477e7700], file:WiredTiger.wt, WT_SESSION.checkpoint: [WT_VERB_FILEOPS] WiredTiger.turtle: file-open: type regular
[1696574683:811957][90045:0x7ff8477e7700], file:WiredTiger.wt, WT_SESSION.checkpoint: [WT_VERB_FILEOPS] WiredTiger.turtle: file-close
[1696574683:811972][90045:0x7ff8477e7700], file:WiredTiger.wt, WT_SESSION.checkpoint: [WT_VERB_FILEOPS] data/db/WiredTiger.turtle, file-close: fd=17
[1696574683:830656][90045:0x7ff8477e7700], file:WiredTiger.wt, WT_SESSION.checkpoint: [WT_VERB_FILEOPS] WiredTiger.turtle.set: file-open: type regular (create, exclusive)
[1696574683:850150][90045:0x7ff8477e7700], file:WiredTiger.wt, WT_SESSION.checkpoint: [WT_VERB_FILEOPS] WiredTiger.turtle.set: file-close
[1696574683:850215][90045:0x7ff8477e7700], file:WiredTiger.wt, WT_SESSION.checkpoint: [WT_VERB_FILEOPS] data/db/WiredTiger.turtle.set, file-close: fd=17
[1696574683:850275][90045:0x7ff8477e7700], file:WiredTiger.wt, WT_SESSION.checkpoint: [WT_VERB_FILEOPS] WiredTiger.turtle.set to WiredTiger.turtle: file-rename
[1696574683:850691][90045:0x7ff8477e7700], file:WiredTiger.wt, WT_SESSION.checkpoint: [WT_VERB_FILEOPS] WiredTiger.turtle.set: file-exist
Connection closed
[1696574683:889206][90045:0x700009bad000], log-server: [WT_VERB_FILEOPS] journal: directory-list: prefix WiredTigerPreplog
